<?xml version="1.0" encoding="UTF-8"?>
<!-- Generated by org.testng.reporters.JUnitReportReporter -->
<testsuite hostname="DESKTOP-6ITAQL4" failures="0" tests="1" name="nativeapp.Evaluation" time="65.558" errors="0" timestamp="2024-07-29T14:53:52 IST" skipped="0">
  <testcase classname="nativeapp.Evaluation" name="generalStore1" time="65.558"/>
  <system-out/>
</testsuite> <!-- nativeapp.Evaluation -->
