<?xml version="1.0" encoding="UTF-8"?>
<!-- Generated by org.testng.reporters.JUnitReportReporter -->
<testsuite hostname="DESKTOP-6ITAQL4" failures="0" tests="8" name="nativeapp.ApiDemos" time="65.077" errors="0" timestamp="2024-07-29T14:49:53 IST" skipped="7">
  <testcase classname="nativeapp.ApiDemos" name="generalStore" time="65.077"/>
  <system-out/>
  <testcase classname="nativeapp.ApiDemos" name="dragAnddrop">
    <skipped/>
  </testcase> <!-- dragAnddrop -->
  <system-out/>
  <testcase classname="nativeapp.ApiDemos" name="longpress">
    <skipped/>
  </testcase> <!-- longpress -->
  <system-out/>
  <testcase classname="nativeapp.ApiDemos" name="switchApp">
    <skipped/>
  </testcase> <!-- switchApp -->
  <system-out/>
  <testcase classname="nativeapp.ApiDemos" name="open">
    <skipped/>
  </testcase> <!-- open -->
  <system-out/>
  <testcase classname="nativeapp.ApiDemos" name="tc1">
    <skipped/>
  </testcase> <!-- tc1 -->
  <system-out/>
  <testcase classname="nativeapp.ApiDemos" name="swip">
    <skipped/>
  </testcase> <!-- swip -->
  <system-out/>
  <testcase classname="nativeapp.ApiDemos" name="scroll">
    <skipped/>
  </testcase> <!-- scroll -->
  <system-out/>
</testsuite> <!-- nativeapp.ApiDemos -->
